# JRE version: Java(TM) SE Runtime Environment (26.0.1+8) (build 26.0.1+8-34)
# Java VM: Java HotSpot(TM) 64-Bit Server VM (26.0.1+8-34, mixed mode, sharing, tiered, compressed oops, compressed class ptrs, g1 gc, windows-amd64)
GC Precious Log:
 CardTable entry size: 512
 Card Set container configuration: InlinePtr #cards 4 size 8 Array Of Cards #cards 16 size 48 Howl #buckets 8 coarsen threshold 3686 Howl Bitmap #cards 512 size 80 coarsen threshold 460 Card regions per heap region 1 cards per card region 4096
 CPUs: 16 total, 16 available
 Memory: 16021M
 Large Page Support: Disabled
 NUMA Support: Disabled
 Compressed Oops: Enabled (Zero based)
 Heap Region Size: 2M
 Heap Min Capacity: 8M
 Heap Initial Capacity: 8M
 Heap Max Capacity: 4006M
 Pre-touch: Disabled
 Parallel Workers: 13
 Concurrent Workers: 3
 Concurrent Refinement Workers: 13
 Periodic GC: Disabled
Heap:
 garbage-first heap   total reserved 4102144K, committed 122880K, used 40818K [0x0000000705a00000, 0x0000000800000000)
  region size 2M, 2 eden (4M), 1 survivor (2M), 9 old (18M), 9 humongous (18M), 39 free (78M)
GC Heap Usage History (20 events):
Event: 4.466 {heap Before GC invocations=16 (full 0):
 garbage-first heap   total reserved 4102144K, committed 30720K, used 24808K [0x0000000705a00000, 0x0000000800000000)
  region size 2M, 1 eden (2M), 1 survivor (2M), 8 old (16M), 4 humongous (8M), 1 free (2M)
}
Event: 4.467 {heap After GC invocations=17 (full 0):
 garbage-first heap   total reserved 4102144K, committed 30720K, used 25061K [0x0000000705a00000, 0x0000000800000000)
  region size 2M, 0 eden (0M), 1 survivor (2M), 8 old (16M), 4 humongous (8M), 2 free (4M)
}
Event: 4.477 {heap Before GC invocations=18 (full 0):
 garbage-first heap   total reserved 4102144K, committed 30720K, used 27109K [0x0000000705a00000, 0x0000000800000000)
  region size 2M, 1 eden (2M), 1 survivor (2M), 8 old (16M), 5 humongous (10M), 0 free (0M)
}
Event: 4.478 {heap After GC invocations=19 (full 0):
 garbage-first heap   total reserved 4102144K, committed 32768K, used 27208K [0x0000000705a00000, 0x0000000800000000)
  region size 2M, 0 eden (0M), 1 survivor (2M), 8 old (16M), 5 humongous (10M), 2 free (4M)
}
Event: 4.493 {heap Before GC invocations=20 (full 0):
 garbage-first heap   total reserved 4102144K, committed 32768K, used 29256K [0x0000000705a00000, 0x0000000800000000)
  region size 2M, 1 eden (2M), 1 survivor (2M), 8 old (16M), 6 humongous (12M), 0 free (0M)
}
Event: 4.494 {heap After GC invocations=21 (full 0):
 garbage-first heap   total reserved 4102144K, committed 34816K, used 29441K [0x0000000705a00000, 0x0000000800000000)
  region size 2M, 0 eden (0M), 1 survivor (2M), 8 old (16M), 6 humongous (12M), 2 free (4M)
}
Event: 4.517 {heap Before GC invocations=22 (full 0):
 garbage-first heap   total reserved 4102144K, committed 34816K, used 31489K [0x0000000705a00000, 0x0000000800000000)
  region size 2M, 1 eden (2M), 1 survivor (2M), 8 old (16M), 7 humongous (14M), 0 free (0M)
}
Event: 4.519 {heap After GC invocations=23 (full 0):
 garbage-first heap   total reserved 4102144K, committed 36864K, used 32724K [0x0000000705a00000, 0x0000000800000000)
  region size 2M, 0 eden (0M), 1 survivor (2M), 8 old (16M), 7 humongous (14M), 2 free (4M)
}
Event: 4.537 {heap Before GC invocations=24 (full 0):
 garbage-first heap   total reserved 4102144K, committed 36864K, used 34772K [0x0000000705a00000, 0x0000000800000000)
  region size 2M, 1 eden (2M), 1 survivor (2M), 8 old (16M), 8 humongous (16M), 0 free (0M)
}
Event: 4.538 {heap After GC invocations=25 (full 0):
 garbage-first heap   total reserved 4102144K, committed 40960K, used 34862K [0x0000000705a00000, 0x0000000800000000)
  region size 2M, 0 eden (0M), 1 survivor (2M), 9 old (18M), 8 humongous (16M), 2 free (4M)
}
Event: 4.561 {heap Before GC invocations=25 (full 0):
 garbage-first heap   total reserved 4102144K, committed 40960K, used 36910K [0x0000000705a00000, 0x0000000800000000)
  region size 2M, 1 eden (2M), 1 survivor (2M), 9 old (18M), 8 humongous (16M), 1 free (2M)
}
Event: 4.562 {heap After GC invocations=26 (full 0):
 garbage-first heap   total reserved 4102144K, committed 40960K, used 35315K [0x0000000705a00000, 0x0000000800000000)
  region size 2M, 0 eden (0M), 1 survivor (2M), 9 old (18M), 8 humongous (16M), 2 free (4M)
}
Event: 4.590 {heap Before GC invocations=27 (full 0):
 garbage-first heap   total reserved 4102144K, committed 40960K, used 35315K [0x0000000705a00000, 0x0000000800000000)
  region size 2M, 1 eden (2M), 1 survivor (2M), 9 old (18M), 8 humongous (16M), 1 free (2M)
}
Event: 4.591 {heap After GC invocations=28 (full 0):
 garbage-first heap   total reserved 4102144K, committed 40960K, used 35480K [0x0000000705a00000, 0x0000000800000000)
  region size 2M, 0 eden (0M), 1 survivor (2M), 9 old (18M), 8 humongous (16M), 2 free (4M)
}
Event: 4.607 {heap Before GC invocations=28 (full 0):
 garbage-first heap   total reserved 4102144K, committed 40960K, used 37528K [0x0000000705a00000, 0x0000000800000000)
  region size 2M, 1 eden (2M), 1 survivor (2M), 9 old (18M), 8 humongous (16M), 1 free (2M)
}
Event: 4.608 {heap After GC invocations=29 (full 0):
 garbage-first heap   total reserved 4102144K, committed 40960K, used 35622K [0x0000000705a00000, 0x0000000800000000)
  region size 2M, 0 eden (0M), 1 survivor (2M), 9 old (18M), 8 humongous (16M), 2 free (4M)
}
Event: 4.621 {heap Before GC invocations=30 (full 0):
 garbage-first heap   total reserved 4102144K, committed 40960K, used 37670K [0x0000000705a00000, 0x0000000800000000)
  region size 2M, 1 eden (2M), 1 survivor (2M), 9 old (18M), 8 humongous (16M), 1 free (2M)
}
Event: 4.622 {heap After GC invocations=31 (full 0):
 garbage-first heap   total reserved 4102144K, committed 40960K, used 35622K [0x0000000705a00000, 0x0000000800000000)
  region size 2M, 0 eden (0M), 1 survivor (2M), 9 old (18M), 8 humongous (16M), 2 free (4M)
}
Event: 4.646 {heap Before GC invocations=31 (full 0):
 garbage-first heap   total reserved 4102144K, committed 40960K, used 37670K [0x0000000705a00000, 0x0000000800000000)
  region size 2M, 1 eden (2M), 1 survivor (2M), 9 old (18M), 8 humongous (16M), 1 free (2M)
}
Event: 4.647 {heap After GC invocations=32 (full 0):
 garbage-first heap   total reserved 4102144K, committed 122880K, used 35783K [0x0000000705a00000, 0x0000000800000000)
  region size 2M, 0 eden (0M), 1 survivor (2M), 9 old (18M), 8 humongous (16M), 42 free (84M)
}

