# JRE version: Java(TM) SE Runtime Environment (26.0.1+8) (build 26.0.1+8-34)
# Java VM: Java HotSpot(TM) 64-Bit Server VM (26.0.1+8-34, mixed mode, sharing, tiered, compressed oops, compressed class ptrs, g1 gc, windows-amd64)
GC Precious Log:
 CardTable entry size: 512
 Card Set container configuration: InlinePtr #cards 4 size 8 Array Of Cards #cards 16 size 48 Howl #buckets 8 coarsen threshold 3686 Howl Bitmap #cards 512 size 80 coarsen threshold 460 Card regions per heap region 1 cards per card region 4096
 CPUs: 16 total, 16 available
 Memory: 16021M
 Large Page Support: Disabled
 NUMA Support: Disabled
 Compressed Oops: Enabled (Zero based)
 Heap Region Size: 2M
 Heap Min Capacity: 8M
 Heap Initial Capacity: 8M
 Heap Max Capacity: 4006M
 Pre-touch: Disabled
 Parallel Workers: 13
 Concurrent Workers: 3
 Concurrent Refinement Workers: 13
 Periodic GC: Disabled
Heap:
 garbage-first heap   total reserved 4102144K, committed 92160K, used 69196K [0x0000000705a00000, 0x0000000800000000)
  region size 2M, 19 eden (38M), 1 survivor (2M), 8 old (16M), 9 humongous (18M), 8 free (16M)
GC Heap Usage History (18 events):
Event: 0.087 {heap Before GC invocations=0 (full 0):
 garbage-first heap   total reserved 4102144K, committed 10240K, used 5283K [0x0000000705a00000, 0x0000000800000000)
  region size 2M, 2 eden (4M), 0 survivor (0M), 1 old (2M), 0 humongous (0M), 2 free (4M)
}
Event: 0.089 {heap After GC invocations=1 (full 0):
 garbage-first heap   total reserved 4102144K, committed 10240K, used 2110K [0x0000000705a00000, 0x0000000800000000)
  region size 2M, 0 eden (0M), 1 survivor (2M), 1 old (2M), 0 humongous (0M), 3 free (6M)
}
Event: 0.099 {heap Before GC invocations=1 (full 0):
 garbage-first heap   total reserved 4102144K, committed 10240K, used 4158K [0x0000000705a00000, 0x0000000800000000)
  region size 2M, 1 eden (2M), 1 survivor (2M), 1 old (2M), 0 humongous (0M), 2 free (4M)
}
Event: 0.101 {heap After GC invocations=2 (full 0):
 garbage-first heap   total reserved 4102144K, committed 10240K, used 1634K [0x0000000705a00000, 0x0000000800000000)
  region size 2M, 0 eden (0M), 1 survivor (2M), 1 old (2M), 0 humongous (0M), 3 free (6M)
}
Event: 0.135 {heap Before GC invocations=2 (full 0):
 garbage-first heap   total reserved 4102144K, committed 10240K, used 3682K [0x0000000705a00000, 0x0000000800000000)
  region size 2M, 1 eden (2M), 1 survivor (2M), 1 old (2M), 0 humongous (0M), 2 free (4M)
}
Event: 0.136 {heap After GC invocations=3 (full 0):
 garbage-first heap   total reserved 4102144K, committed 30720K, used 2237K [0x0000000705a00000, 0x0000000800000000)
  region size 2M, 0 eden (0M), 1 survivor (2M), 1 old (2M), 0 humongous (0M), 13 free (26M)
}
Event: 0.545 {heap Before GC invocations=3 (full 0):
 garbage-first heap   total reserved 4102144K, committed 30720K, used 16573K [0x0000000705a00000, 0x0000000800000000)
  region size 2M, 7 eden (14M), 1 survivor (2M), 1 old (2M), 0 humongous (0M), 6 free (12M)
}
Event: 0.547 {heap After GC invocations=4 (full 0):
 garbage-first heap   total reserved 4102144K, committed 30720K, used 3245K [0x0000000705a00000, 0x0000000800000000)
  region size 2M, 0 eden (0M), 1 survivor (2M), 2 old (4M), 0 humongous (0M), 12 free (24M)
}
Event: 0.666 {heap Before GC invocations=4 (full 0):
 garbage-first heap   total reserved 4102144K, committed 30720K, used 13485K [0x0000000705a00000, 0x0000000800000000)
  region size 2M, 6 eden (12M), 1 survivor (2M), 2 old (4M), 0 humongous (0M), 6 free (12M)
}
Event: 0.668 {heap After GC invocations=5 (full 0):
 garbage-first heap   total reserved 4102144K, committed 30720K, used 5013K [0x0000000705a00000, 0x0000000800000000)
  region size 2M, 0 eden (0M), 1 survivor (2M), 3 old (6M), 0 humongous (0M), 11 free (22M)
}
Event: 0.697 {heap Before GC invocations=5 (full 0):
 garbage-first heap   total reserved 4102144K, committed 30720K, used 15253K [0x0000000705a00000, 0x0000000800000000)
  region size 2M, 6 eden (12M), 1 survivor (2M), 3 old (6M), 0 humongous (0M), 5 free (10M)
}
Event: 0.698 {heap After GC invocations=6 (full 0):
 garbage-first heap   total reserved 4102144K, committed 30720K, used 12218K [0x0000000705a00000, 0x0000000800000000)
  region size 2M, 0 eden (0M), 1 survivor (2M), 6 old (12M), 0 humongous (0M), 8 free (16M)
}
Event: 0.786 {heap Before GC invocations=6 (full 0):
 garbage-first heap   total reserved 4102144K, committed 30720K, used 20410K [0x0000000705a00000, 0x0000000800000000)
  region size 2M, 4 eden (8M), 1 survivor (2M), 6 old (12M), 0 humongous (0M), 4 free (8M)
}
Event: 0.787 {heap After GC invocations=7 (full 0):
 garbage-first heap   total reserved 4102144K, committed 30720K, used 14312K [0x0000000705a00000, 0x0000000800000000)
  region size 2M, 0 eden (0M), 1 survivor (2M), 7 old (14M), 0 humongous (0M), 7 free (14M)
}
Event: 0.848 {heap Before GC invocations=7 (full 0):
 garbage-first heap   total reserved 4102144K, committed 30720K, used 20456K [0x0000000705a00000, 0x0000000800000000)
  region size 2M, 3 eden (6M), 1 survivor (2M), 7 old (14M), 0 humongous (0M), 4 free (8M)
}
Event: 0.849 {heap After GC invocations=8 (full 0):
 garbage-first heap   total reserved 4102144K, committed 30720K, used 15485K [0x0000000705a00000, 0x0000000800000000)
  region size 2M, 0 eden (0M), 1 survivor (2M), 8 old (16M), 0 humongous (0M), 6 free (12M)
}
Event: 0.926 {heap Before GC invocations=8 (full 0):
 garbage-first heap   total reserved 4102144K, committed 30720K, used 19581K [0x0000000705a00000, 0x0000000800000000)
  region size 2M, 3 eden (6M), 1 survivor (2M), 8 old (16M), 0 humongous (0M), 3 free (6M)
}
Event: 0.928 {heap After GC invocations=9 (full 0):
 garbage-first heap   total reserved 4102144K, committed 92160K, used 15948K [0x0000000705a00000, 0x0000000800000000)
  region size 2M, 0 eden (0M), 1 survivor (2M), 8 old (16M), 0 humongous (0M), 36 free (72M)
}

