# JRE version: Java(TM) SE Runtime Environment (26.0.1+8) (build 26.0.1+8-34)
# Java VM: Java HotSpot(TM) 64-Bit Server VM (26.0.1+8-34, mixed mode, sharing, tiered, compressed oops, compressed class ptrs, g1 gc, windows-amd64)
GC Precious Log:
 CardTable entry size: 512
 Card Set container configuration: InlinePtr #cards 4 size 8 Array Of Cards #cards 16 size 48 Howl #buckets 8 coarsen threshold 3686 Howl Bitmap #cards 512 size 80 coarsen threshold 460 Card regions per heap region 1 cards per card region 4096
 CPUs: 16 total, 16 available
 Memory: 16021M
 Large Page Support: Disabled
 NUMA Support: Disabled
 Compressed Oops: Enabled (Zero based)
 Heap Region Size: 2M
 Heap Min Capacity: 8M
 Heap Initial Capacity: 8M
 Heap Max Capacity: 4006M
 Pre-touch: Disabled
 Parallel Workers: 13
 Concurrent Workers: 3
 Concurrent Refinement Workers: 13
 Periodic GC: Disabled
Heap:
 garbage-first heap   total reserved 4102144K, committed 94208K, used 85138K [0x0000000705a00000, 0x0000000800000000)
  region size 2M, 2 eden (4M), 1 survivor (2M), 37 old (74M), 4 humongous (8M), 2 free (4M)
GC Heap Usage History (20 events):
Event: 1418.103 {heap Before GC invocations=196 (full 0):
 garbage-first heap   total reserved 4102144K, committed 96256K, used 89183K [0x0000000705a00000, 0x0000000800000000)
  region size 2M, 3 eden (6M), 1 survivor (2M), 37 old (74M), 4 humongous (8M), 2 free (4M)
}
Event: 1418.104 {heap After GC invocations=197 (full 0):
 garbage-first heap   total reserved 4102144K, committed 96256K, used 83080K [0x0000000705a00000, 0x0000000800000000)
  region size 2M, 0 eden (0M), 1 survivor (2M), 37 old (74M), 4 humongous (8M), 5 free (10M)
}
Event: 1422.089 {heap Before GC invocations=197 (full 0):
 garbage-first heap   total reserved 4102144K, committed 96256K, used 87176K [0x0000000705a00000, 0x0000000800000000)
  region size 2M, 2 eden (4M), 1 survivor (2M), 37 old (74M), 4 humongous (8M), 3 free (6M)
}
Event: 1422.091 {heap After GC invocations=198 (full 0):
 garbage-first heap   total reserved 4102144K, committed 94208K, used 83079K [0x0000000705a00000, 0x0000000800000000)
  region size 2M, 0 eden (0M), 1 survivor (2M), 37 old (74M), 4 humongous (8M), 4 free (8M)
}
Event: 1425.999 {heap Before GC invocations=199 (full 0):
 garbage-first heap   total reserved 4102144K, committed 94208K, used 87175K [0x0000000705a00000, 0x0000000800000000)
  region size 2M, 2 eden (4M), 1 survivor (2M), 37 old (74M), 4 humongous (8M), 2 free (4M)
}
Event: 1426.000 {heap After GC invocations=200 (full 0):
 garbage-first heap   total reserved 4102144K, committed 94208K, used 83077K [0x0000000705a00000, 0x0000000800000000)
  region size 2M, 0 eden (0M), 1 survivor (2M), 37 old (74M), 4 humongous (8M), 4 free (8M)
}
Event: 1430.332 {heap Before GC invocations=200 (full 0):
 garbage-first heap   total reserved 4102144K, committed 94208K, used 87173K [0x0000000705a00000, 0x0000000800000000)
  region size 2M, 2 eden (4M), 1 survivor (2M), 37 old (74M), 4 humongous (8M), 2 free (4M)
}
Event: 1430.333 {heap After GC invocations=201 (full 0):
 garbage-first heap   total reserved 4102144K, committed 94208K, used 83079K [0x0000000705a00000, 0x0000000800000000)
  region size 2M, 0 eden (0M), 1 survivor (2M), 37 old (74M), 4 humongous (8M), 4 free (8M)
}
Event: 1434.568 {heap Before GC invocations=201 (full 0):
 garbage-first heap   total reserved 4102144K, committed 94208K, used 87175K [0x0000000705a00000, 0x0000000800000000)
  region size 2M, 2 eden (4M), 1 survivor (2M), 37 old (74M), 4 humongous (8M), 2 free (4M)
}
Event: 1434.569 {heap After GC invocations=202 (full 0):
 garbage-first heap   total reserved 4102144K, committed 94208K, used 83061K [0x0000000705a00000, 0x0000000800000000)
  region size 2M, 0 eden (0M), 1 survivor (2M), 37 old (74M), 4 humongous (8M), 4 free (8M)
}
Event: 1439.075 {heap Before GC invocations=203 (full 0):
 garbage-first heap   total reserved 4102144K, committed 94208K, used 87157K [0x0000000705a00000, 0x0000000800000000)
  region size 2M, 2 eden (4M), 1 survivor (2M), 37 old (74M), 4 humongous (8M), 2 free (4M)
}
Event: 1439.076 {heap After GC invocations=204 (full 0):
 garbage-first heap   total reserved 4102144K, committed 94208K, used 83077K [0x0000000705a00000, 0x0000000800000000)
  region size 2M, 0 eden (0M), 1 survivor (2M), 37 old (74M), 4 humongous (8M), 4 free (8M)
}
Event: 1443.859 {heap Before GC invocations=204 (full 0):
 garbage-first heap   total reserved 4102144K, committed 94208K, used 87173K [0x0000000705a00000, 0x0000000800000000)
  region size 2M, 2 eden (4M), 1 survivor (2M), 37 old (74M), 4 humongous (8M), 2 free (4M)
}
Event: 1443.860 {heap After GC invocations=205 (full 0):
 garbage-first heap   total reserved 4102144K, committed 94208K, used 83088K [0x0000000705a00000, 0x0000000800000000)
  region size 2M, 0 eden (0M), 1 survivor (2M), 37 old (74M), 4 humongous (8M), 4 free (8M)
}
Event: 1447.888 {heap Before GC invocations=206 (full 0):
 garbage-first heap   total reserved 4102144K, committed 94208K, used 85136K [0x0000000705a00000, 0x0000000800000000)
  region size 2M, 2 eden (4M), 1 survivor (2M), 37 old (74M), 4 humongous (8M), 2 free (4M)
}
Event: 1447.890 {heap After GC invocations=207 (full 0):
 garbage-first heap   total reserved 4102144K, committed 94208K, used 81005K [0x0000000705a00000, 0x0000000800000000)
  region size 2M, 0 eden (0M), 1 survivor (2M), 37 old (74M), 3 humongous (6M), 5 free (10M)
}
Event: 1452.208 {heap Before GC invocations=208 (full 0):
 garbage-first heap   total reserved 4102144K, committed 94208K, used 87149K [0x0000000705a00000, 0x0000000800000000)
  region size 2M, 2 eden (4M), 1 survivor (2M), 37 old (74M), 4 humongous (8M), 2 free (4M)
}
Event: 1452.210 {heap After GC invocations=209 (full 0):
 garbage-first heap   total reserved 4102144K, committed 94208K, used 83072K [0x0000000705a00000, 0x0000000800000000)
  region size 2M, 0 eden (0M), 1 survivor (2M), 37 old (74M), 4 humongous (8M), 4 free (8M)
}
Event: 1459.464 {heap Before GC invocations=209 (full 0):
 garbage-first heap   total reserved 4102144K, committed 94208K, used 87168K [0x0000000705a00000, 0x0000000800000000)
  region size 2M, 2 eden (4M), 1 survivor (2M), 37 old (74M), 4 humongous (8M), 2 free (4M)
}
Event: 1459.467 {heap After GC invocations=210 (full 0):
 garbage-first heap   total reserved 4102144K, committed 94208K, used 83090K [0x0000000705a00000, 0x0000000800000000)
  region size 2M, 0 eden (0M), 1 survivor (2M), 37 old (74M), 4 humongous (8M), 4 free (8M)
}

